<?xml version="1.0" encoding="UTF-8"?>
<robot generator="Robot 7.4.2 (Python 3.14.0 on win32)" generated="2026-06-11T15:46:24.981663" rpa="false" schemaversion="5">
<suite id="s1" name="LoginScenario" source="C:\Users\ponavgha\OneDrive - Capgemini\Desktop\Task\RobotFramework\project-folder\Tests\Web\scenarios\LoginScenario.robot">
<test id="s1-t1" name="Positive Login Scenario" line="6">
<kw name="Given the OrangeHRM login page is open" owner="Support">
<kw name="Open Login Page" owner="BusinessLogic">
<kw name="Open Browser" owner="SeleniumLibrary">
<msg time="2026-06-11T15:46:25.672810" level="INFO">Opening browser 'chrome' to base url 'https://opensource-demo.orangehrmlive.com/'.</msg>
<arg>${LOGIN_URL}</arg>
<arg>${BROWSER}</arg>
<doc>Opens a new browser instance to the optional ``url``.</doc>
<status status="PASS" start="2026-06-11T15:46:25.672497" elapsed="13.464914"/>
</kw>
<kw name="Maximize Browser Window" owner="SeleniumLibrary">
<doc>Maximizes current browser window.</doc>
<status status="PASS" start="2026-06-11T15:46:39.137803" elapsed="0.031938"/>
</kw>
<kw name="Wait Until Element Is Visible" owner="SeleniumLibrary">
<arg>${USERNAME_FIELD}</arg>
<arg>10s</arg>
<doc>Waits until the element ``locator`` is visible.</doc>
<status status="PASS" start="2026-06-11T15:46:39.170010" elapsed="3.445705"/>
</kw>
<status status="PASS" start="2026-06-11T15:46:25.672190" elapsed="16.943708"/>
</kw>
<status status="PASS" start="2026-06-11T15:46:25.671593" elapsed="16.944392"/>
</kw>
<kw name="When the user logs in with valid credentials" owner="Support">
<kw name="Input Username" owner="BusinessLogic">
<kw name="Input Text" owner="SeleniumLibrary">
<msg time="2026-06-11T15:46:42.617878" level="INFO">Typing text 'Admin' into text field '//input[@name='username']'.</msg>
<arg>${USERNAME_FIELD}</arg>
<arg>${username}</arg>
<doc>Types the given ``text`` into the text field identified by ``locator``.</doc>
<status status="PASS" start="2026-06-11T15:46:42.617472" elapsed="0.133101"/>
</kw>
<arg>${VALID_USERNAME}</arg>
<status status="PASS" start="2026-06-11T15:46:42.617098" elapsed="0.133671"/>
</kw>
<kw name="Input Password" owner="BusinessLogic">
<kw name="Input Text" owner="SeleniumLibrary">
<msg time="2026-06-11T15:46:42.752149" level="INFO">Typing text 'admin123' into text field '//input[@name='password']'.</msg>
<arg>${PASSWORD_FIELD}</arg>
<arg>${password}</arg>
<doc>Types the given ``text`` into the text field identified by ``locator``.</doc>
<status status="PASS" start="2026-06-11T15:46:42.751637" elapsed="0.126883"/>
</kw>
<arg>${VALID_PASSWORD}</arg>
<status status="PASS" start="2026-06-11T15:46:42.751042" elapsed="0.127869"/>
</kw>
<kw name="Click Login Button" owner="BusinessLogic">
<kw name="Click Button" owner="SeleniumLibrary">
<msg time="2026-06-11T15:46:42.881088" level="INFO">Clicking button '//button[@type='submit']'.</msg>
<arg>${LOGIN_BUTTON}</arg>
<doc>Clicks the button identified by ``locator``.</doc>
<status status="PASS" start="2026-06-11T15:46:42.879598" elapsed="0.116334"/>
</kw>
<status status="PASS" start="2026-06-11T15:46:42.879197" elapsed="0.116897"/>
</kw>
<status status="PASS" start="2026-06-11T15:46:42.616619" elapsed="0.379537"/>
</kw>
<kw name="Then the user should see the dashboard page" owner="Support">
<kw name="Verify Login Successful" owner="BusinessLogic">
<kw name="Wait Until Element Is Visible" owner="SeleniumLibrary">
<arg>${DASHBOARD_TEXT}</arg>
<arg>10s</arg>
<doc>Waits until the element ``locator`` is visible.</doc>
<status status="PASS" start="2026-06-11T15:46:42.997338" elapsed="6.127931"/>
</kw>
<kw name="Element Should Be Visible" owner="SeleniumLibrary">
<msg time="2026-06-11T15:46:49.144287" level="INFO">Element '//h6[text()='Dashboard']' is displayed.</msg>
<arg>${DASHBOARD_TEXT}</arg>
<doc>Verifies that the element identified by ``locator`` is visible.</doc>
<status status="PASS" start="2026-06-11T15:46:49.125578" elapsed="0.018854"/>
</kw>
<status status="PASS" start="2026-06-11T15:46:42.997122" elapsed="6.147435"/>
</kw>
<status status="PASS" start="2026-06-11T15:46:42.996741" elapsed="6.147873"/>
</kw>
<doc>Verify that user can login with valid credentials</doc>
<status status="PASS" start="2026-06-11T15:46:25.669532" elapsed="23.475479"/>
</test>
<test id="s1-t2" name="Negative Login Scenario" line="13">
<kw name="Given the OrangeHRM login page is open" owner="Support">
<kw name="Open Login Page" owner="BusinessLogic">
<kw name="Open Browser" owner="SeleniumLibrary">
<msg time="2026-06-11T15:46:49.147589" level="INFO">Opening browser 'chrome' to base url 'https://opensource-demo.orangehrmlive.com/'.</msg>
<arg>${LOGIN_URL}</arg>
<arg>${BROWSER}</arg>
<doc>Opens a new browser instance to the optional ``url``.</doc>
<status status="PASS" start="2026-06-11T15:46:49.147322" elapsed="8.474288"/>
</kw>
<kw name="Maximize Browser Window" owner="SeleniumLibrary">
<doc>Maximizes current browser window.</doc>
<status status="PASS" start="2026-06-11T15:46:57.622076" elapsed="0.049899"/>
</kw>
<kw name="Wait Until Element Is Visible" owner="SeleniumLibrary">
<arg>${USERNAME_FIELD}</arg>
<arg>10s</arg>
<doc>Waits until the element ``locator`` is visible.</doc>
<status status="PASS" start="2026-06-11T15:46:57.672625" elapsed="3.466542"/>
</kw>
<status status="PASS" start="2026-06-11T15:46:49.147018" elapsed="11.992466"/>
</kw>
<status status="PASS" start="2026-06-11T15:46:49.146643" elapsed="11.992952"/>
</kw>
<kw name="When the user logs in with invalid credentials" owner="Support">
<kw name="Input Username" owner="BusinessLogic">
<kw name="Input Text" owner="SeleniumLibrary">
<msg time="2026-06-11T15:47:01.141457" level="INFO">Typing text 'wronguser' into text field '//input[@name='username']'.</msg>
<arg>${USERNAME_FIELD}</arg>
<arg>${username}</arg>
<doc>Types the given ``text`` into the text field identified by ``locator``.</doc>
<status status="PASS" start="2026-06-11T15:47:01.141090" elapsed="0.126018"/>
</kw>
<arg>${INVALID_USERNAME}</arg>
<status status="PASS" start="2026-06-11T15:47:01.140777" elapsed="0.126541"/>
</kw>
<kw name="Input Password" owner="BusinessLogic">
<kw name="Input Text" owner="SeleniumLibrary">
<msg time="2026-06-11T15:47:01.268569" level="INFO">Typing text 'wrongpass' into text field '//input[@name='password']'.</msg>
<arg>${PASSWORD_FIELD}</arg>
<arg>${password}</arg>
<doc>Types the given ``text`` into the text field identified by ``locator``.</doc>
<status status="PASS" start="2026-06-11T15:47:01.268110" elapsed="0.121615"/>
</kw>
<arg>${INVALID_PASSWORD}</arg>
<status status="PASS" start="2026-06-11T15:47:01.267629" elapsed="0.122313"/>
</kw>
<kw name="Click Login Button" owner="BusinessLogic">
<kw name="Click Button" owner="SeleniumLibrary">
<msg time="2026-06-11T15:47:01.391147" level="INFO">Clicking button '//button[@type='submit']'.</msg>
<arg>${LOGIN_BUTTON}</arg>
<doc>Clicks the button identified by ``locator``.</doc>
<status status="PASS" start="2026-06-11T15:47:01.390828" elapsed="0.109230"/>
</kw>
<status status="PASS" start="2026-06-11T15:47:01.390264" elapsed="0.109989"/>
</kw>
<status status="PASS" start="2026-06-11T15:47:01.140338" elapsed="0.359998"/>
</kw>
<kw name="Then the user should see login failure message" owner="Support">
<kw name="Verify Login Failure Message" owner="BusinessLogic">
<kw name="Wait Until Element Is Visible" owner="SeleniumLibrary">
<arg>${ERROR_MESSAGE}</arg>
<arg>10s</arg>
<doc>Waits until the element ``locator`` is visible.</doc>
<status status="PASS" start="2026-06-11T15:47:01.502723" elapsed="4.233415"/>
</kw>
<kw name="Element Should Contain" owner="SeleniumLibrary">
<msg time="2026-06-11T15:47:05.770833" level="INFO">Element '//p[contains(@class,'alert-content-text')]' contains text 'Invalid credentials'.</msg>
<arg>${ERROR_MESSAGE}</arg>
<arg>Invalid credentials</arg>
<doc>Verifies that element ``locator`` contains text ``expected``.</doc>
<status status="PASS" start="2026-06-11T15:47:05.736452" elapsed="0.034571"/>
</kw>
<status status="PASS" start="2026-06-11T15:47:01.502261" elapsed="4.269024"/>
</kw>
<status status="PASS" start="2026-06-11T15:47:01.501593" elapsed="4.269911"/>
</kw>
<doc>Verify invalid credentials show error message</doc>
<status status="PASS" start="2026-06-11T15:46:49.145795" elapsed="16.626258"/>
</test>
<status status="PASS" start="2026-06-11T15:46:24.988327" elapsed="40.785303"/>
</suite>
<statistics>
<total>
<stat pass="2" fail="0" skip="0">All Tests</stat>
</total>
<tag>
</tag>
<suite>
<stat name="LoginScenario" id="s1" pass="2" fail="0" skip="0">LoginScenario</stat>
</suite>
</statistics>
<errors>
</errors>
</robot>
